{"/Users/maxstrivens/Documents/Programming/Projects/post_course_projects/charger/app/App.js": {"path":"/Users/maxstrivens/Documents/Programming/Projects/post_course_projects/charger/app/App.js","statementMap":{"0":{"start":{"line":7,"column":2},"end":{"line":11,"column":4}},"1":{"start":{"line":14,"column":15},"end":{"line":21,"column":2}}},"fnMap":{"0":{"name":"App","decl":{"start":{"line":6,"column":24},"end":{"line":6,"column":27}},"loc":{"start":{"line":6,"column":30},"end":{"line":12,"column":1}},"line":6}},"branchMap":{},"s":{"0":1,"1":1},"f":{"0":1},"b":{},"_coverageSchema":"1a1c01bbd47fc00a2c39e90264f33305004495a9","hash":"dcf306c0b64a9b4a21498269d15fb9cc5003d6ac"}
,"/Users/maxstrivens/Documents/Programming/Projects/post_course_projects/charger/components/map/map.js": {"path":"/Users/maxstrivens/Documents/Programming/Projects/post_course_projects/charger/components/map/map.js","statementMap":{"0":{"start":{"line":4,"column":12},"end":{"line":8,"column":1}},"1":{"start":{"line":5,"column":2},"end":{"line":7,"column":3}}},"fnMap":{"0":{"name":"(anonymous_0)","decl":{"start":{"line":4,"column":12},"end":{"line":4,"column":13}},"loc":{"start":{"line":4,"column":18},"end":{"line":8,"column":1}},"line":4}},"branchMap":{},"s":{"0":1,"1":1},"f":{"0":1},"b":{},"_coverageSchema":"1a1c01bbd47fc00a2c39e90264f33305004495a9","hash":"0ab670de2ca81281cf60389351cbd0c38e927d13"}
}
